<?xml version="1.0" encoding="UTF-8"?>
<!-- Generated by org.testng.reporters.JUnitReportReporter -->
<testsuite skipped="0" hostname="DESKTOP-953A65K" name="testClassPackage.VerifyLoginTest" tests="1" failures="0" timestamp="17 May 2021 15:54:39 GMT" time="12.061" errors="0">
  <testcase name="verifyLoginForCorrectCredentials" time="12.061" classname="testClassPackage.VerifyLoginTest"/>
</testsuite> <!-- testClassPackage.VerifyLoginTest -->
