<?xml version="1.0" encoding="UTF-8"?>
<!-- Generated by org.testng.reporters.JUnitReportReporter -->
<testsuite skipped="0" hostname="DESKTOP-953A65K" name="testClassPackage.VerifyTitleTest" tests="2" failures="0" timestamp="17 May 2021 15:54:39 GMT" time="42.918" errors="0">
  <testcase name="verifyHomePageTitleForCorrectTitle" time="5.750" classname="testClassPackage.VerifyTitleTest"/>
  <testcase name="verifyTVPageTitleForCorrectTitle" time="37.168" classname="testClassPackage.VerifyTitleTest"/>
</testsuite> <!-- testClassPackage.VerifyTitleTest -->
